<?xml version="1.0" encoding="UTF-8"?>
<testsuite name="com.github.lstolowski.hexbooks.service.BookListServiceTest" tests="1" skipped="0" failures="0" errors="0" timestamp="2023-03-09T17:02:51" hostname="lstolowski-ps-laptop" time="0.016">
  <properties/>
  <testcase name="findAllListItemsShouldReturnListOfItemsWithTitleAndAuthorLastnames()" classname="com.github.lstolowski.hexbooks.service.BookListServiceTest" time="0.016"/>
  <system-out><![CDATA[]]></system-out>
  <system-err><![CDATA[]]></system-err>
</testsuite>
