<?xml version="1.0" encoding="UTF-8"?>
<testsuite name="com.github.lstolowski.hexbooks.domain.model.book.validation.BookValidatorTest" tests="1" skipped="0" failures="0" errors="0" timestamp="2023-03-09T17:01:15" hostname="lstolowski-ps-laptop" time="0.023">
  <properties/>
  <testcase name="shouldNotAcceptEmptyIsbnInTheBook()" classname="com.github.lstolowski.hexbooks.domain.model.book.validation.BookValidatorTest" time="0.023"/>
  <system-out><![CDATA[]]></system-out>
  <system-err><![CDATA[]]></system-err>
</testsuite>
